<?xml version="1.0" encoding="UTF-8"?>
<!-- Generated by org.testng.reporters.JUnitReportReporter -->
<testsuite hostname="DESKTOP-346RFLV" failures="0" tests="1" name="in.reqres.restassured.testcases.TC002_POST_NewAuthor" time="3.263" errors="0" timestamp="2022-11-11T14:29:56 EST" skipped="0">
  <testcase classname="in.reqres.restassured.testcases.TC002_POST_NewAuthor" name="postNewAuthor" time="3.263"/>
  <system-out/>
</testsuite> <!-- in.reqres.restassured.testcases.TC002_POST_NewAuthor -->
