<?xml version="1.0" encoding="UTF-8"?>
<!-- Generated by org.testng.reporters.JUnitReportReporter -->
<testsuite hostname="DESKTOP-346RFLV" failures="0" tests="2" name="dataDrivenRestAssured.DataDrivenTestUsingExcelData" time="7.210" errors="0" timestamp="2022-11-15T14:10:53 EST" skipped="0">
  <testcase classname="dataDrivenRestAssured.DataDrivenTestUsingExcelData" name="testPostRequestWithExcelData" time="7.111"/>
  <system-out/>
  <testcase classname="dataDrivenRestAssured.DataDrivenTestUsingExcelData" name="testPostRequestWithExcelData" time="0.099"/>
  <system-out/>
</testsuite> <!-- dataDrivenRestAssured.DataDrivenTestUsingExcelData -->
