<?xml version="1.0" encoding="UTF-8"?>
<!-- Generated by org.testng.reporters.JUnitReportReporter -->
<testsuite hostname="DESKTOP-346RFLV" failures="0" tests="5" name="miscellaneous.restassured.testcases.TC008_Validations_XML" time="5.512" errors="0" timestamp="2022-11-13T20:28:24 EST" skipped="0">
  <testcase classname="miscellaneous.restassured.testcases.TC008_Validations_XML" name="testSingleContent" time="4.101"/>
  <system-out/>
  <testcase classname="miscellaneous.restassured.testcases.TC008_Validations_XML" name="testMultipleContent" time="0.429"/>
  <system-out/>
  <testcase classname="miscellaneous.restassured.testcases.TC008_Validations_XML" name="testMultipleContentInONeGo" time="0.309"/>
  <system-out/>
  <testcase classname="miscellaneous.restassured.testcases.TC008_Validations_XML" name="testUsingXPath" time="0.300"/>
  <system-out/>
  <testcase classname="miscellaneous.restassured.testcases.TC008_Validations_XML" name="testUsingXPath2" time="0.373"/>
  <system-out/>
</testsuite> <!-- miscellaneous.restassured.testcases.TC008_Validations_XML -->
