<?xml version="1.0" encoding="UTF-8"?>
<!-- Generated by org.testng.reporters.JUnitReportReporter -->
<testsuite hostname="DESKTOP-346RFLV" failures="0" tests="1" name="in.reqres.restassured.testcases.TC006_DELETE_User" time="3.133" errors="0" timestamp="2022-11-11T14:18:12 EST" skipped="0">
  <testcase classname="in.reqres.restassured.testcases.TC006_DELETE_User" name="deleteUserTest" time="3.133"/>
  <system-out/>
</testsuite> <!-- in.reqres.restassured.testcases.TC006_DELETE_User -->
