<?xml version="1.0" encoding="UTF-8"?>
<!-- Generated by org.testng.reporters.JUnitReportReporter -->
<testsuite hostname="DESKTOP-346RFLV" failures="0" tests="1" name="dataDrivenRestAssured.DataDrivenExamples" time="2.792" errors="0" timestamp="2022-11-15T11:17:01 EST" skipped="0">
  <testcase classname="dataDrivenRestAssured.DataDrivenExamples" name="test_delete2" time="2.792"/>
  <system-out/>
</testsuite> <!-- dataDrivenRestAssured.DataDrivenExamples -->
