<?xml version="1.0" encoding="UTF-8"?>
<!-- Generated by org.testng.reporters.JUnitReportReporter -->
<testsuite hostname="DESKTOP-346RFLV" failures="0" tests="1" name="in.reqres.restassured.testcases.TC003_POST_NewUser" time="3.631" errors="0" timestamp="2022-11-11T13:37:47 EST" skipped="0">
  <testcase classname="in.reqres.restassured.testcases.TC003_POST_NewUser" name="testNewUser" time="3.631"/>
  <system-out/>
</testsuite> <!-- in.reqres.restassured.testcases.TC003_POST_NewUser -->
