<?xml version="1.0" encoding="UTF-8"?>
<!-- Generated by org.testng.reporters.JUnitReportReporter -->
<testsuite hostname="DESKTOP-346RFLV" failures="0" tests="1" name="in.reqres.restassured.testcases.TC001_Get_AllUsers" time="6.262" errors="0" timestamp="2022-11-11T12:48:56 EST" skipped="0">
  <testcase classname="in.reqres.restassured.testcases.TC001_Get_AllUsers" name="getAllUsers" time="6.262"/>
  <system-out/>
</testsuite> <!-- in.reqres.restassured.testcases.TC001_Get_AllUsers -->
