<?xml version="1.0" encoding="UTF-8"?>
<!-- Generated by org.testng.reporters.JUnitReportReporter -->
<testsuite hostname="Sheetals-Laptop.local" failures="0" tests="1" name="in.reqres.restassured.testcases.TC007_GET_SingleUser" time="0.933" errors="0" timestamp="2023-01-11T20:22:06 EST" skipped="0">
  <testcase classname="in.reqres.restassured.testcases.TC007_GET_SingleUser" name="getSingleUser" time="0.933"/>
  <system-out/>
</testsuite> <!-- in.reqres.restassured.testcases.TC007_GET_SingleUser -->
