<?xml version="1.0" encoding="UTF-8"?>
<!-- Generated by org.testng.reporters.JUnitReportReporter -->
<testsuite hostname="DESKTOP-346RFLV" failures="0" tests="1" name="serializationDeserialization.PostRequestWithSerializationAndDeserialization" time="5.341" errors="0" timestamp="2022-11-14T13:51:17 EST" skipped="0">
  <testcase classname="serializationDeserialization.PostRequestWithSerializationAndDeserialization" name="createNewPostSerialization" time="5.341"/>
  <system-out/>
</testsuite> <!-- serializationDeserialization.PostRequestWithSerializationAndDeserialization -->
