<?xml version="1.0" encoding="UTF-8"?>
<!-- Generated by org.testng.reporters.JUnitReportReporter -->
<testsuite hostname="Sheetals-Laptop.local" failures="0" tests="1" name="in.reqres.restassured.testcases.TC001_Get_AllUsers" time="0.939" errors="0" timestamp="2022-12-29T00:02:12 EST" skipped="0">
  <testcase classname="in.reqres.restassured.testcases.TC001_Get_AllUsers" name="getAllUsers" time="0.939"/>
  <system-out/>
</testsuite> <!-- in.reqres.restassured.testcases.TC001_Get_AllUsers -->
