<?xml version="1.0" encoding="UTF-8"?>
<!-- Generated by org.testng.reporters.JUnitReportReporter -->
<testsuite hostname="Sheetals-Laptop.local" failures="0" tests="1" name="in.reqres.restassured.testcases.TC009_GET_AllEmployees" time="0.981" errors="0" timestamp="2023-01-11T20:29:38 EST" skipped="0">
  <testcase classname="in.reqres.restassured.testcases.TC009_GET_AllEmployees" name="getAllEmployees" time="0.981"/>
  <system-out/>
</testsuite> <!-- in.reqres.restassured.testcases.TC009_GET_AllEmployees -->
