<?xml version="1.0" encoding="UTF-8"?>
<!-- Generated by org.testng.reporters.JUnitReportReporter -->
<testsuite hostname="DESKTOP-346RFLV" failures="0" tests="1" name="miscellaneous.restassured.testcases.FakeAPI_RequestExamples" time="2.685" errors="0" timestamp="2022-11-14T23:39:07 EST" skipped="0">
  <testcase classname="miscellaneous.restassured.testcases.FakeAPI_RequestExamples" name="test_delete" time="2.685"/>
  <system-out/>
</testsuite> <!-- miscellaneous.restassured.testcases.FakeAPI_RequestExamples -->
