<?xml version="1.0" encoding="UTF-8"?>
<!-- Generated by org.testng.reporters.JUnitReportReporter -->
<testsuite hostname="DESKTOP-346RFLV" failures="0" tests="1" name="in.reqres.restassured.testcases.TC001_Get_SingleUser" time="4.274" errors="0" timestamp="2022-11-11T11:49:47 EST" skipped="0">
  <testcase classname="in.reqres.restassured.testcases.TC001_Get_SingleUser" name="getSingleUser" time="4.274"/>
  <system-out/>
</testsuite> <!-- in.reqres.restassured.testcases.TC001_Get_SingleUser -->
