<?xml version="1.0" encoding="UTF-8"?>
<!-- Generated by org.testng.reporters.JUnitReportReporter -->
<testsuite hostname="DESKTOP-346RFLV" failures="0" tests="1" name="in.reqres.restassured.testcases.TC004_PUT_UpdateUser" time="3.786" errors="0" timestamp="2022-11-11T14:10:46 EST" skipped="0">
  <testcase classname="in.reqres.restassured.testcases.TC004_PUT_UpdateUser" name="updateUser" time="3.786"/>
  <system-out/>
</testsuite> <!-- in.reqres.restassured.testcases.TC004_PUT_UpdateUser -->
